2026-03-30 19:02:56,736 [INFO] ==================================================
2026-03-30 19:02:56,737 [INFO] Training started: GradientBoostingClassifier on Wine Dataset
2026-03-30 19:02:56,738 [INFO] Config: epochs=10, learning_rate=0.1, max_depth=3
2026-03-30 19:02:56,739 [INFO] ==================================================
2026-03-30 19:02:56,740 [INFO] Epoch [1/10] | loss=0.9284 | acc=0.6255 | f1=0.6100
2026-03-30 19:02:56,740 [DEBUG] Epoch 1: accuracy still warming up (0.6255)
2026-03-30 19:02:56,741 [INFO] Epoch [2/10] | loss=0.8234 | acc=0.6747 | f1=0.6512
2026-03-30 19:02:56,741 [INFO] Epoch [3/10] | loss=0.7835 | acc=0.6967 | f1=0.6783
2026-03-30 19:02:56,743 [INFO] Epoch [4/10] | loss=0.6518 | acc=0.7344 | f1=0.7143
2026-03-30 19:02:56,745 [INFO] Epoch [5/10] | loss=0.5716 | acc=0.7690 | f1=0.7460
2026-03-30 19:02:56,746 [INFO] Epoch [6/10] | loss=0.5227 | acc=0.8044 | f1=0.7826
2026-03-30 19:02:56,747 [INFO] Epoch [7/10] | loss=0.4586 | acc=0.8351 | f1=0.8090
2026-03-30 19:02:56,747 [INFO] Epoch [8/10] | loss=0.3719 | acc=0.8768 | f1=0.8637
2026-03-30 19:02:56,748 [INFO] Epoch [9/10] | loss=0.3074 | acc=0.9117 | f1=0.8998
2026-03-30 19:02:56,749 [INFO] Epoch [10/10] | loss=0.1758 | acc=0.9569 | f1=0.9348
2026-03-30 19:02:56,749 [ERROR] Evaluation failed — training loop completed but eval skipped
Traceback (most recent call last):
  File "/var/folders/n0/1cz09yld15z_sj2k4jnqp3940000gn/T/ipykernel_73056/1398694909.py", line 50, in <module>
    raise RuntimeError("Evaluation set not found: 'wine_test.csv' missing")
RuntimeError: Evaluation set not found: 'wine_test.csv' missing
2026-03-30 19:02:56,750 [INFO] Training complete. Logs saved to training.log
2026-03-30 19:15:28,062 [INFO] Dataset loaded: 142 train samples, 36 test samples
2026-03-30 19:15:28,064 [INFO] Classes: [np.str_('class_0'), np.str_('class_1'), np.str_('class_2')]
2026-03-30 19:15:28,064 [INFO] ==================================================
2026-03-30 19:15:28,064 [INFO] Training started: GradientBoostingClassifier on Wine Dataset
2026-03-30 19:15:28,065 [INFO] Config: n_estimators=10, learning_rate=0.1, max_depth=3
2026-03-30 19:15:28,065 [INFO] ==================================================
2026-03-30 19:15:28,125 [INFO] Estimators [1/10] | loss=0.9357 | acc=0.7500 | f1=0.6598
2026-03-30 19:15:28,126 [DEBUG] Estimator 1: accuracy still warming up (0.7500)
2026-03-30 19:15:28,133 [INFO] Estimators [2/10] | loss=0.8180 | acc=0.8333 | f1=0.8101
2026-03-30 19:15:28,134 [DEBUG] Estimator 2: accuracy still warming up (0.8333)
2026-03-30 19:15:28,147 [INFO] Estimators [3/10] | loss=0.7335 | acc=0.8611 | f1=0.8566
2026-03-30 19:15:28,158 [INFO] Estimators [4/10] | loss=0.6599 | acc=0.8611 | f1=0.8566
2026-03-30 19:15:28,168 [INFO] Estimators [5/10] | loss=0.6053 | acc=0.8611 | f1=0.8566
2026-03-30 19:15:28,180 [INFO] Estimators [6/10] | loss=0.5529 | acc=0.8611 | f1=0.8566
2026-03-30 19:15:28,196 [INFO] Estimators [7/10] | loss=0.5122 | acc=0.8611 | f1=0.8566
2026-03-30 19:15:28,215 [INFO] Estimators [8/10] | loss=0.4760 | acc=0.8611 | f1=0.8566
2026-03-30 19:15:28,235 [INFO] Estimators [9/10] | loss=0.4433 | acc=0.8611 | f1=0.8566
2026-03-30 19:15:28,259 [INFO] Estimators [10/10] | loss=0.4167 | acc=0.8611 | f1=0.8566
2026-03-30 19:15:28,260 [INFO] Final model — acc=0.8611 | f1=0.8566 | loss=0.4167
2026-03-30 19:15:28,260 [INFO] Training complete. Logs saved to training.log
2026-03-30 19:16:16,792 [INFO] Dataset loaded: 142 train samples, 36 test samples
2026-03-30 19:16:16,792 [INFO] Dataset loaded: 142 train samples, 36 test samples
2026-03-30 19:16:16,797 [INFO] Classes: ['class_0', 'class_1', 'class_2']
2026-03-30 19:16:16,797 [INFO] Classes: ['class_0', 'class_1', 'class_2']
2026-03-30 19:16:16,798 [INFO] ==================================================
2026-03-30 19:16:16,798 [INFO] ==================================================
2026-03-30 19:16:16,799 [INFO] Training started: GradientBoostingClassifier on Wine Dataset
2026-03-30 19:16:16,799 [INFO] Training started: GradientBoostingClassifier on Wine Dataset
2026-03-30 19:16:16,799 [INFO] Config: n_estimators=10, learning_rate=0.1, max_depth=3
2026-03-30 19:16:16,799 [INFO] Config: n_estimators=10, learning_rate=0.1, max_depth=3
2026-03-30 19:16:16,800 [INFO] ==================================================
2026-03-30 19:16:16,800 [INFO] ==================================================
2026-03-30 19:16:16,861 [INFO] Estimators [1/10] | loss=0.9357 | acc=0.7500 | f1=0.6598
2026-03-30 19:16:16,861 [INFO] Estimators [1/10] | loss=0.9357 | acc=0.7500 | f1=0.6598
2026-03-30 19:16:16,863 [DEBUG] Estimator 1: accuracy still warming up (0.7500)
2026-03-30 19:16:16,863 [DEBUG] Estimator 1: accuracy still warming up (0.7500)
2026-03-30 19:16:16,870 [INFO] Estimators [2/10] | loss=0.8180 | acc=0.8333 | f1=0.8101
2026-03-30 19:16:16,870 [INFO] Estimators [2/10] | loss=0.8180 | acc=0.8333 | f1=0.8101
2026-03-30 19:16:16,871 [DEBUG] Estimator 2: accuracy still warming up (0.8333)
2026-03-30 19:16:16,871 [DEBUG] Estimator 2: accuracy still warming up (0.8333)
2026-03-30 19:16:16,879 [INFO] Estimators [3/10] | loss=0.7335 | acc=0.8611 | f1=0.8566
2026-03-30 19:16:16,879 [INFO] Estimators [3/10] | loss=0.7335 | acc=0.8611 | f1=0.8566
2026-03-30 19:16:16,893 [INFO] Estimators [4/10] | loss=0.6599 | acc=0.8611 | f1=0.8566
2026-03-30 19:16:16,893 [INFO] Estimators [4/10] | loss=0.6599 | acc=0.8611 | f1=0.8566
2026-03-30 19:16:16,909 [INFO] Estimators [5/10] | loss=0.6053 | acc=0.8611 | f1=0.8566
2026-03-30 19:16:16,909 [INFO] Estimators [5/10] | loss=0.6053 | acc=0.8611 | f1=0.8566
2026-03-30 19:16:16,925 [INFO] Estimators [6/10] | loss=0.5529 | acc=0.8611 | f1=0.8566
2026-03-30 19:16:16,925 [INFO] Estimators [6/10] | loss=0.5529 | acc=0.8611 | f1=0.8566
2026-03-30 19:16:16,947 [INFO] Estimators [7/10] | loss=0.5122 | acc=0.8611 | f1=0.8566
2026-03-30 19:16:16,947 [INFO] Estimators [7/10] | loss=0.5122 | acc=0.8611 | f1=0.8566
2026-03-30 19:16:16,965 [INFO] Estimators [8/10] | loss=0.4760 | acc=0.8611 | f1=0.8566
2026-03-30 19:16:16,965 [INFO] Estimators [8/10] | loss=0.4760 | acc=0.8611 | f1=0.8566
2026-03-30 19:16:16,982 [INFO] Estimators [9/10] | loss=0.4433 | acc=0.8611 | f1=0.8566
2026-03-30 19:16:16,982 [INFO] Estimators [9/10] | loss=0.4433 | acc=0.8611 | f1=0.8566
2026-03-30 19:16:16,998 [INFO] Estimators [10/10] | loss=0.4167 | acc=0.8611 | f1=0.8566
2026-03-30 19:16:16,998 [INFO] Estimators [10/10] | loss=0.4167 | acc=0.8611 | f1=0.8566
2026-03-30 19:16:16,999 [INFO] Final model — acc=0.8611 | f1=0.8566 | loss=0.4167
2026-03-30 19:16:16,999 [INFO] Final model — acc=0.8611 | f1=0.8566 | loss=0.4167
2026-03-30 19:16:17,000 [INFO] Training complete. Logs saved to training.log
2026-03-30 19:16:17,000 [INFO] Training complete. Logs saved to training.log
